109.01.06 14:48 B C:\Documents and Settings\staff\My Documents\1-Ms Beards site\3books\bio.html --> fayette.k12.in.us /public_html/3books bio.html
109.01.06 14:48 B C:\Documents and Settings\staff\My Documents\1-Ms Beards site\3books\index.html --> fayette.k12.in.us /public_html/3books index.html
109.01.08 16:26 B C:\Documents and Settings\staff\My Documents\1-Ms Beards site\3books\bio.html --> fayette.k12.in.us /public_html/3books bio.html
109.01.08 16:26 B C:\Documents and Settings\staff\My Documents\1-Ms Beards site\3books\index.html --> fayette.k12.in.us /public_html/3books index.html
109.01.08 16:34 B C:\Documents and Settings\staff\My Documents\1-Ms Beards site\3books\bio.html --> fayette.k12.in.us /public_html/3books bio.html
109.04.03 08:12 B C:\Documents and Settings\staff\My Documents\1-Ms Beards site\3books\women.html <-- cbeard /public_html/3books women.html
109.04.03 08:13 B C:\Documents and Settings\staff\My Documents\1-Ms Beards site\3books\women.html --> fayette.k12.in.us /public_html/3books women.html
109.04.03 08:14 B C:\Documents and Settings\staff\My Documents\1-Ms Beards site\3books\women.html --> fayette.k12.in.us /public_html/3books women.html
109.05.29 10:51 B C:\Documents and Settings\staff\My Documents\1-Ms Beards site\3books\3books.html --> fayette.k12.in.us /public_html/backup09/1-Ms Beards site/3books 3books.html
109.05.29 10:51 B C:\Documents and Settings\staff\My Documents\1-Ms Beards site\3books\3bstandards.html --> fayette.k12.in.us /public_html/backup09/1-Ms Beards site/3books 3bstandards.html
109.05.29 10:51 B C:\Documents and Settings\staff\My Documents\1-Ms Beards site\3books\author.html --> fayette.k12.in.us /public_html/backup09/1-Ms Beards site/3books author.html
109.05.29 10:51 B C:\Documents and Settings\staff\My Documents\1-Ms Beards site\3books\bio.html --> fayette.k12.in.us /public_html/backup09/1-Ms Beards site/3books bio.html
109.05.29 10:51 B C:\Documents and Settings\staff\My Documents\1-Ms Beards site\3books\bookslug.jpg --> fayette.k12.in.us /public_html/backup09/1-Ms Beards site/3books bookslug.jpg
109.05.29 10:51 B C:\Documents and Settings\staff\My Documents\1-Ms Beards site\3books\deception.html --> fayette.k12.in.us /public_html/backup09/1-Ms Beards site/3books deception.html
109.05.29 10:51 B C:\Documents and Settings\staff\My Documents\1-Ms Beards site\3books\ethnic.html --> fayette.k12.in.us /public_html/backup09/1-Ms Beards site/3books ethnic.html
109.05.29 10:51 B C:\Documents and Settings\staff\My Documents\1-Ms Beards site\3books\genre.html --> fayette.k12.in.us /public_html/backup09/1-Ms Beards site/3books genre.html
109.05.29 10:51 B C:\Documents and Settings\staff\My Documents\1-Ms Beards site\3books\grow.html --> fayette.k12.in.us /public_html/backup09/1-Ms Beards site/3books grow.html
109.05.29 10:51 B C:\Documents and Settings\staff\My Documents\1-Ms Beards site\3books\horror.html --> fayette.k12.in.us /public_html/backup09/1-Ms Beards site/3books horror.html
109.05.29 10:51 B C:\Documents and Settings\staff\My Documents\1-Ms Beards site\3books\humor.html --> fayette.k12.in.us /public_html/backup09/1-Ms Beards site/3books humor.html
109.05.29 10:51 B C:\Documents and Settings\staff\My Documents\1-Ms Beards site\3books\index.html --> fayette.k12.in.us /public_html/backup09/1-Ms Beards site/3books index.html
109.05.29 10:51 B C:\Documents and Settings\staff\My Documents\1-Ms Beards site\3books\Intro Semester Literary Project .doc --> fayette.k12.in.us /public_html/backup09/1-Ms Beards site/3books Intro Semester Literary Project .doc
109.05.29 10:51 B C:\Documents and Settings\staff\My Documents\1-Ms Beards site\3books\new3bookslug.psd --> fayette.k12.in.us /public_html/backup09/1-Ms Beards site/3books new3bookslug.psd
109.05.29 10:51 B C:\Documents and Settings\staff\My Documents\1-Ms Beards site\3books\oldbookslug.JPG --> fayette.k12.in.us /public_html/backup09/1-Ms Beards site/3books oldbookslug.JPG
109.05.29 10:51 B C:\Documents and Settings\staff\My Documents\1-Ms Beards site\3books\poetry.html --> fayette.k12.in.us /public_html/backup09/1-Ms Beards site/3books poetry.html
109.05.29 10:51 B C:\Documents and Settings\staff\My Documents\1-Ms Beards site\3books\scifi.html --> fayette.k12.in.us /public_html/backup09/1-Ms Beards site/3books scifi.html
109.05.29 10:51 B C:\Documents and Settings\staff\My Documents\1-Ms Beards site\3books\Sports Books.doc --> fayette.k12.in.us /public_html/backup09/1-Ms Beards site/3books Sports Books.doc
109.05.29 10:51 B C:\Documents and Settings\staff\My Documents\1-Ms Beards site\3books\sports.html --> fayette.k12.in.us /public_html/backup09/1-Ms Beards site/3books sports.html
109.05.29 10:51 B C:\Documents and Settings\staff\My Documents\1-Ms Beards site\3books\theme.html --> fayette.k12.in.us /public_html/backup09/1-Ms Beards site/3books theme.html
109.05.29 10:51 B C:\Documents and Settings\staff\My Documents\1-Ms Beards site\3books\time.html --> fayette.k12.in.us /public_html/backup09/1-Ms Beards site/3books time.html
109.05.29 10:51 B C:\Documents and Settings\staff\My Documents\1-Ms Beards site\3books\travel.html --> fayette.k12.in.us /public_html/backup09/1-Ms Beards site/3books travel.html
109.05.29 10:51 B C:\Documents and Settings\staff\My Documents\1-Ms Beards site\3books\war.html --> fayette.k12.in.us /public_html/backup09/1-Ms Beards site/3books war.html
109.05.29 10:51 B C:\Documents and Settings\staff\My Documents\1-Ms Beards site\3books\women.html --> fayette.k12.in.us /public_html/backup09/1-Ms Beards site/3books women.html
109.05.29 10:51 B C:\Documents and Settings\staff\My Documents\1-Ms Beards site\3books\WS_FTP.LOG --> fayette.k12.in.us /public_html/backup09/1-Ms Beards site/3books WS_FTP.LOG
110.10.04 09:07 B C:\Documents and Settings\staff\My Documents\1-Ms Beards site\3books\sports.html --> fayette.k12.in.us /public_html/3books sports.html
