109.05.29 10:52 B C:\Documents and Settings\staff\My Documents\1-Ms Beards site\jp\bk-mov.pdf --> fayette.k12.in.us /public_html/backup09/1-Ms Beards site/jp bk-mov.pdf
109.05.29 10:52 B C:\Documents and Settings\staff\My Documents\1-Ms Beards site\jp\blankrubric.doc --> fayette.k12.in.us /public_html/backup09/1-Ms Beards site/jp blankrubric.doc
109.05.29 10:52 B C:\Documents and Settings\staff\My Documents\1-Ms Beards site\jp\buttons.html --> fayette.k12.in.us /public_html/backup09/1-Ms Beards site/jp buttons.html
109.05.29 10:52 B C:\Documents and Settings\staff\My Documents\1-Ms Beards site\jp\concl.html --> fayette.k12.in.us /public_html/backup09/1-Ms Beards site/jp concl.html
109.05.29 10:52 B C:\Documents and Settings\staff\My Documents\1-Ms Beards site\jp\fauxpage.html --> fayette.k12.in.us /public_html/backup09/1-Ms Beards site/jp fauxpage.html
109.05.29 10:52 B C:\Documents and Settings\staff\My Documents\1-Ms Beards site\jp\gerunds.pdf --> fayette.k12.in.us /public_html/backup09/1-Ms Beards site/jp gerunds.pdf
109.05.29 10:52 B C:\Documents and Settings\staff\My Documents\1-Ms Beards site\jp\index.html --> fayette.k12.in.us /public_html/backup09/1-Ms Beards site/jp index.html
109.05.29 10:52 B C:\Documents and Settings\staff\My Documents\1-Ms Beards site\jp\inlitstandards.html --> fayette.k12.in.us /public_html/backup09/1-Ms Beards site/jp inlitstandards.html
109.05.29 10:52 B C:\Documents and Settings\staff\My Documents\1-Ms Beards site\jp\instand2000.html --> fayette.k12.in.us /public_html/backup09/1-Ms Beards site/jp instand2000.html
109.05.29 10:52 B C:\Documents and Settings\staff\My Documents\1-Ms Beards site\jp\intro.html --> fayette.k12.in.us /public_html/backup09/1-Ms Beards site/jp intro.html
109.05.29 10:52 B C:\Documents and Settings\staff\My Documents\1-Ms Beards site\jp\masthead.html --> fayette.k12.in.us /public_html/backup09/1-Ms Beards site/jp masthead.html
109.05.29 10:52 B C:\Documents and Settings\staff\My Documents\1-Ms Beards site\jp\memoform.html --> fayette.k12.in.us /public_html/backup09/1-Ms Beards site/jp memoform.html
109.05.29 10:52 B C:\Documents and Settings\staff\My Documents\1-Ms Beards site\jp\participles.pdf --> fayette.k12.in.us /public_html/backup09/1-Ms Beards site/jp participles.pdf
109.05.29 10:52 B C:\Documents and Settings\staff\My Documents\1-Ms Beards site\jp\partphrases.pdf --> fayette.k12.in.us /public_html/backup09/1-Ms Beards site/jp partphrases.pdf
109.05.29 10:52 B C:\Documents and Settings\staff\My Documents\1-Ms Beards site\jp\rubric.html --> fayette.k12.in.us /public_html/backup09/1-Ms Beards site/jp rubric.html
109.05.29 10:52 B C:\Documents and Settings\staff\My Documents\1-Ms Beards site\jp\rubric2.pdf --> fayette.k12.in.us /public_html/backup09/1-Ms Beards site/jp rubric2.pdf
109.05.29 10:52 B C:\Documents and Settings\staff\My Documents\1-Ms Beards site\jp\step1.html --> fayette.k12.in.us /public_html/backup09/1-Ms Beards site/jp step1.html
109.05.29 10:52 B C:\Documents and Settings\staff\My Documents\1-Ms Beards site\jp\step2.html --> fayette.k12.in.us /public_html/backup09/1-Ms Beards site/jp step2.html
109.05.29 10:52 B C:\Documents and Settings\staff\My Documents\1-Ms Beards site\jp\step3.html --> fayette.k12.in.us /public_html/backup09/1-Ms Beards site/jp step3.html
109.05.29 10:52 B C:\Documents and Settings\staff\My Documents\1-Ms Beards site\jp\studyguide.pdf --> fayette.k12.in.us /public_html/backup09/1-Ms Beards site/jp studyguide.pdf
109.05.29 10:52 B C:\Documents and Settings\staff\My Documents\1-Ms Beards site\jp\task1.html --> fayette.k12.in.us /public_html/backup09/1-Ms Beards site/jp task1.html
109.05.29 10:52 B C:\Documents and Settings\staff\My Documents\1-Ms Beards site\jp\task2.html --> fayette.k12.in.us /public_html/backup09/1-Ms Beards site/jp task2.html
109.05.29 10:52 B C:\Documents and Settings\staff\My Documents\1-Ms Beards site\jp\task3.html --> fayette.k12.in.us /public_html/backup09/1-Ms Beards site/jp task3.html
109.05.29 10:52 B C:\Documents and Settings\staff\My Documents\1-Ms Beards site\jp\teacherinfo.html --> fayette.k12.in.us /public_html/backup09/1-Ms Beards site/jp teacherinfo.html
109.05.29 10:52 B C:\Documents and Settings\staff\My Documents\1-Ms Beards site\jp\vocab1-80.pdf --> fayette.k12.in.us /public_html/backup09/1-Ms Beards site/jp vocab1-80.pdf
109.05.29 10:52 B C:\Documents and Settings\staff\My Documents\1-Ms Beards site\jp\vocab80-120.pdf --> fayette.k12.in.us /public_html/backup09/1-Ms Beards site/jp vocab80-120.pdf
109.05.29 10:52 B C:\Documents and Settings\staff\My Documents\1-Ms Beards site\jp\webquest.html --> fayette.k12.in.us /public_html/backup09/1-Ms Beards site/jp webquest.html
109.05.29 10:52 B C:\Documents and Settings\staff\My Documents\1-Ms Beards site\jp\webquest2.html --> fayette.k12.in.us /public_html/backup09/1-Ms Beards site/jp webquest2.html
