109.05.29 10:52 B C:\Documents and Settings\staff\My Documents\1-Ms Beards site\pocahontas\Ambassador.doc --> fayette.k12.in.us /public_html/backup09/1-Ms Beards site/pocahontas Ambassador.doc
109.05.29 10:52 B C:\Documents and Settings\staff\My Documents\1-Ms Beards site\pocahontas\ambassador.pdf --> fayette.k12.in.us /public_html/backup09/1-Ms Beards site/pocahontas ambassador.pdf
109.05.29 10:52 B C:\Documents and Settings\staff\My Documents\1-Ms Beards site\pocahontas\Chart -- Pocahontas.doc --> fayette.k12.in.us /public_html/backup09/1-Ms Beards site/pocahontas Chart -- Pocahontas.doc
109.05.29 10:52 B C:\Documents and Settings\staff\My Documents\1-Ms Beards site\pocahontas\chart.pdf --> fayette.k12.in.us /public_html/backup09/1-Ms Beards site/pocahontas chart.pdf
109.05.29 10:52 B C:\Documents and Settings\staff\My Documents\1-Ms Beards site\pocahontas\conclusion.html --> fayette.k12.in.us /public_html/backup09/1-Ms Beards site/pocahontas conclusion.html
109.05.29 10:52 B C:\Documents and Settings\staff\My Documents\1-Ms Beards site\pocahontas\credits.html --> fayette.k12.in.us /public_html/backup09/1-Ms Beards site/pocahontas credits.html
109.05.29 10:52 B C:\Documents and Settings\staff\My Documents\1-Ms Beards site\pocahontas\Disney video.doc --> fayette.k12.in.us /public_html/backup09/1-Ms Beards site/pocahontas Disney video.doc
109.05.29 10:52 B C:\Documents and Settings\staff\My Documents\1-Ms Beards site\pocahontas\disney.pdf --> fayette.k12.in.us /public_html/backup09/1-Ms Beards site/pocahontas disney.pdf
109.05.29 10:52 B C:\Documents and Settings\staff\My Documents\1-Ms Beards site\pocahontas\Essay question on Pocahontas unit.doc --> fayette.k12.in.us /public_html/backup09/1-Ms Beards site/pocahontas Essay question on Pocahontas unit.doc
109.05.29 10:52 B C:\Documents and Settings\staff\My Documents\1-Ms Beards site\pocahontas\evaluation.html --> fayette.k12.in.us /public_html/backup09/1-Ms Beards site/pocahontas evaluation.html
109.05.29 10:52 B C:\Documents and Settings\staff\My Documents\1-Ms Beards site\pocahontas\index.html --> fayette.k12.in.us /public_html/backup09/1-Ms Beards site/pocahontas index.html
109.05.29 10:52 B C:\Documents and Settings\staff\My Documents\1-Ms Beards site\pocahontas\jsmith.jpg --> fayette.k12.in.us /public_html/backup09/1-Ms Beards site/pocahontas jsmith.jpg
109.05.29 10:52 B C:\Documents and Settings\staff\My Documents\1-Ms Beards site\pocahontas\letter.html --> fayette.k12.in.us /public_html/backup09/1-Ms Beards site/pocahontas letter.html
109.05.29 10:52 B C:\Documents and Settings\staff\My Documents\1-Ms Beards site\pocahontas\Pocahontas vocab test.doc --> fayette.k12.in.us /public_html/backup09/1-Ms Beards site/pocahontas Pocahontas vocab test.doc
109.05.29 10:52 B C:\Documents and Settings\staff\My Documents\1-Ms Beards site\pocahontas\pocastat.jpg --> fayette.k12.in.us /public_html/backup09/1-Ms Beards site/pocahontas pocastat.jpg
109.05.29 10:52 B C:\Documents and Settings\staff\My Documents\1-Ms Beards site\pocahontas\process.html --> fayette.k12.in.us /public_html/backup09/1-Ms Beards site/pocahontas process.html
109.05.29 10:52 B C:\Documents and Settings\staff\My Documents\1-Ms Beards site\pocahontas\Rubric for Textbook.doc --> fayette.k12.in.us /public_html/backup09/1-Ms Beards site/pocahontas Rubric for Textbook.doc
109.05.29 10:52 B C:\Documents and Settings\staff\My Documents\1-Ms Beards site\pocahontas\rubric.pdf --> fayette.k12.in.us /public_html/backup09/1-Ms Beards site/pocahontas rubric.pdf
109.05.29 10:52 B C:\Documents and Settings\staff\My Documents\1-Ms Beards site\pocahontas\Savior or Savage.doc --> fayette.k12.in.us /public_html/backup09/1-Ms Beards site/pocahontas Savior or Savage.doc
109.05.29 10:52 B C:\Documents and Settings\staff\My Documents\1-Ms Beards site\pocahontas\task.html --> fayette.k12.in.us /public_html/backup09/1-Ms Beards site/pocahontas task.html
109.05.29 10:52 B C:\Documents and Settings\staff\My Documents\1-Ms Beards site\pocahontas\teachers.html --> fayette.k12.in.us /public_html/backup09/1-Ms Beards site/pocahontas teachers.html
109.05.29 10:52 B C:\Documents and Settings\staff\My Documents\1-Ms Beards site\pocahontas\title6.gif --> fayette.k12.in.us /public_html/backup09/1-Ms Beards site/pocahontas title6.gif
109.05.29 10:52 B C:\Documents and Settings\staff\My Documents\1-Ms Beards site\pocahontas\titleslug.jpg --> fayette.k12.in.us /public_html/backup09/1-Ms Beards site/pocahontas titleslug.jpg
109.05.29 10:52 B C:\Documents and Settings\staff\My Documents\1-Ms Beards site\pocahontas\Vocabulary Practice.doc --> fayette.k12.in.us /public_html/backup09/1-Ms Beards site/pocahontas Vocabulary Practice.doc
