109.04.06 09:50 B C:\Documents and Settings\staff\My Documents\1-Ms Beards site\twain\teachers.html <-- cbeard /public_html teachers.html
109.04.06 09:50 B C:\Documents and Settings\staff\My Documents\1-Ms Beards site\twain\task.html <-- cbeard /public_html task.html
109.04.06 09:50 B C:\Documents and Settings\staff\My Documents\1-Ms Beards site\twain\standards.html <-- cbeard /public_html standards.html
109.04.06 09:50 B C:\Documents and Settings\staff\My Documents\1-Ms Beards site\twain\resources.html <-- cbeard /public_html resources.html
109.04.06 09:50 B C:\Documents and Settings\staff\My Documents\1-Ms Beards site\twain\process.html <-- cbeard /public_html process.html
109.04.06 09:50 B C:\Documents and Settings\staff\My Documents\1-Ms Beards site\twain\index.html <-- cbeard /public_html index.html
109.04.06 09:50 B C:\Documents and Settings\staff\My Documents\1-Ms Beards site\twain\eval.html <-- cbeard /public_html eval.html
109.04.06 09:50 B C:\Documents and Settings\staff\My Documents\1-Ms Beards site\twain\credits.html <-- cbeard /public_html credits.html
109.04.06 09:50 B C:\Documents and Settings\staff\My Documents\1-Ms Beards site\twain\teachers.html --> fayette.k12.in.us /public_html/twain teachers.html
109.04.06 09:50 B C:\Documents and Settings\staff\My Documents\1-Ms Beards site\twain\task.html --> fayette.k12.in.us /public_html/twain task.html
109.04.06 09:50 B C:\Documents and Settings\staff\My Documents\1-Ms Beards site\twain\standards.html --> fayette.k12.in.us /public_html/twain standards.html
109.04.06 09:50 B C:\Documents and Settings\staff\My Documents\1-Ms Beards site\twain\resources.html --> fayette.k12.in.us /public_html/twain resources.html
109.04.06 09:50 B C:\Documents and Settings\staff\My Documents\1-Ms Beards site\twain\process.html --> fayette.k12.in.us /public_html/twain process.html
109.04.06 09:50 B C:\Documents and Settings\staff\My Documents\1-Ms Beards site\twain\index.html --> fayette.k12.in.us /public_html/twain index.html
109.04.06 09:50 B C:\Documents and Settings\staff\My Documents\1-Ms Beards site\twain\eval.html --> fayette.k12.in.us /public_html/twain eval.html
109.04.06 09:50 B C:\Documents and Settings\staff\My Documents\1-Ms Beards site\twain\credits.html --> fayette.k12.in.us /public_html/twain credits.html
109.04.06 11:22 B C:\Documents and Settings\staff\My Documents\1-Ms Beards site\twain\resources.html --> fayette.k12.in.us /public_html/twain resources.html
109.04.23 13:26 B C:\Documents and Settings\staff\My Documents\1-Ms Beards site\twain\bg_grad.jpg <-- cbeard /public_html/twain bg_grad.jpg
109.04.23 13:26 B C:\Documents and Settings\staff\My Documents\1-Ms Beards site\twain\bg_nav.jpg <-- cbeard /public_html/twain bg_nav.jpg
109.04.23 13:26 B C:\Documents and Settings\staff\My Documents\1-Ms Beards site\twain\brochuretemplate.odt <-- cbeard /public_html/twain brochuretemplate.odt
109.04.23 13:26 B C:\Documents and Settings\staff\My Documents\1-Ms Beards site\twain\brochuretemplateDOC.doc <-- cbeard /public_html/twain brochuretemplateDOC.doc
109.04.23 13:26 B C:\Documents and Settings\staff\My Documents\1-Ms Beards site\twain\brochuretemplateSXW.sxw <-- cbeard /public_html/twain brochuretemplateSXW.sxw
109.04.23 13:26 B C:\Documents and Settings\staff\My Documents\1-Ms Beards site\twain\conclusion.html <-- cbeard /public_html/twain conclusion.html
109.04.23 13:26 B C:\Documents and Settings\staff\My Documents\1-Ms Beards site\twain\credits.html <-- cbeard /public_html/twain credits.html
109.04.23 13:26 B C:\Documents and Settings\staff\My Documents\1-Ms Beards site\twain\emx_nav_left.css <-- cbeard /public_html/twain emx_nav_left.css
109.04.23 13:26 B C:\Documents and Settings\staff\My Documents\1-Ms Beards site\twain\eval.html <-- cbeard /public_html/twain eval.html
109.04.23 13:26 B C:\Documents and Settings\staff\My Documents\1-Ms Beards site\twain\gblnav_left.gif <-- cbeard /public_html/twain gblnav_left.gif
109.04.23 13:26 B C:\Documents and Settings\staff\My Documents\1-Ms Beards site\twain\glblnav_selected.gif <-- cbeard /public_html/twain glblnav_selected.gif
109.04.23 13:26 B C:\Documents and Settings\staff\My Documents\1-Ms Beards site\twain\glbnav_background.gif <-- cbeard /public_html/twain glbnav_background.gif
109.04.23 13:26 B C:\Documents and Settings\staff\My Documents\1-Ms Beards site\twain\glbnav_right.gif <-- cbeard /public_html/twain glbnav_right.gif
109.04.23 13:26 B C:\Documents and Settings\staff\My Documents\1-Ms Beards site\twain\index.html <-- cbeard /public_html/twain index.html
109.04.23 13:26 B C:\Documents and Settings\staff\My Documents\1-Ms Beards site\twain\process.html <-- cbeard /public_html/twain process.html
109.04.23 13:26 B C:\Documents and Settings\staff\My Documents\1-Ms Beards site\twain\resources.html <-- cbeard /public_html/twain resources.html
109.04.23 13:26 B C:\Documents and Settings\staff\My Documents\1-Ms Beards site\twain\standards.html <-- cbeard /public_html/twain standards.html
109.04.23 13:26 B C:\Documents and Settings\staff\My Documents\1-Ms Beards site\twain\task.html <-- cbeard /public_html/twain task.html
109.04.23 13:26 B C:\Documents and Settings\staff\My Documents\1-Ms Beards site\twain\teachers.html <-- cbeard /public_html/twain teachers.html
109.04.23 13:26 B C:\Documents and Settings\staff\My Documents\1-Ms Beards site\twain\tl_curve_white.gif <-- cbeard /public_html/twain tl_curve_white.gif
109.04.23 13:26 B C:\Documents and Settings\staff\My Documents\1-Ms Beards site\twain\tr_curve_white.gif <-- cbeard /public_html/twain tr_curve_white.gif
109.04.23 13:26 B C:\Documents and Settings\staff\My Documents\1-Ms Beards site\twain\twain.jpg <-- cbeard /public_html/twain twain.jpg
109.04.23 13:27 B C:\Documents and Settings\staff\My Documents\1-Ms Beards site\twain\resources.html --> fayette.k12.in.us /public_html/twain resources.html
109.05.29 10:52 B C:\Documents and Settings\staff\My Documents\1-Ms Beards site\twain\bg_grad.jpg --> fayette.k12.in.us /public_html/backup09/1-Ms Beards site/twain bg_grad.jpg
109.05.29 10:52 B C:\Documents and Settings\staff\My Documents\1-Ms Beards site\twain\bg_nav.jpg --> fayette.k12.in.us /public_html/backup09/1-Ms Beards site/twain bg_nav.jpg
109.05.29 10:52 B C:\Documents and Settings\staff\My Documents\1-Ms Beards site\twain\brochuretemplate.odt --> fayette.k12.in.us /public_html/backup09/1-Ms Beards site/twain brochuretemplate.odt
109.05.29 10:52 B C:\Documents and Settings\staff\My Documents\1-Ms Beards site\twain\brochuretemplateDOC.doc --> fayette.k12.in.us /public_html/backup09/1-Ms Beards site/twain brochuretemplateDOC.doc
109.05.29 10:52 B C:\Documents and Settings\staff\My Documents\1-Ms Beards site\twain\brochuretemplateSXW.sxw --> fayette.k12.in.us /public_html/backup09/1-Ms Beards site/twain brochuretemplateSXW.sxw
109.05.29 10:52 B C:\Documents and Settings\staff\My Documents\1-Ms Beards site\twain\conclusion.html --> fayette.k12.in.us /public_html/backup09/1-Ms Beards site/twain conclusion.html
109.05.29 10:52 B C:\Documents and Settings\staff\My Documents\1-Ms Beards site\twain\credits.html --> fayette.k12.in.us /public_html/backup09/1-Ms Beards site/twain credits.html
109.05.29 10:52 B C:\Documents and Settings\staff\My Documents\1-Ms Beards site\twain\emx_nav_left.css --> fayette.k12.in.us /public_html/backup09/1-Ms Beards site/twain emx_nav_left.css
109.05.29 10:52 B C:\Documents and Settings\staff\My Documents\1-Ms Beards site\twain\eval.html --> fayette.k12.in.us /public_html/backup09/1-Ms Beards site/twain eval.html
109.05.29 10:52 B C:\Documents and Settings\staff\My Documents\1-Ms Beards site\twain\gblnav_left.gif --> fayette.k12.in.us /public_html/backup09/1-Ms Beards site/twain gblnav_left.gif
109.05.29 10:52 B C:\Documents and Settings\staff\My Documents\1-Ms Beards site\twain\glblnav_selected.gif --> fayette.k12.in.us /public_html/backup09/1-Ms Beards site/twain glblnav_selected.gif
109.05.29 10:52 B C:\Documents and Settings\staff\My Documents\1-Ms Beards site\twain\glbnav_background.gif --> fayette.k12.in.us /public_html/backup09/1-Ms Beards site/twain glbnav_background.gif
109.05.29 10:52 B C:\Documents and Settings\staff\My Documents\1-Ms Beards site\twain\glbnav_right.gif --> fayette.k12.in.us /public_html/backup09/1-Ms Beards site/twain glbnav_right.gif
109.05.29 10:52 B C:\Documents and Settings\staff\My Documents\1-Ms Beards site\twain\index.html --> fayette.k12.in.us /public_html/backup09/1-Ms Beards site/twain index.html
109.05.29 10:52 B C:\Documents and Settings\staff\My Documents\1-Ms Beards site\twain\process.html --> fayette.k12.in.us /public_html/backup09/1-Ms Beards site/twain process.html
109.05.29 10:52 B C:\Documents and Settings\staff\My Documents\1-Ms Beards site\twain\resources.html --> fayette.k12.in.us /public_html/backup09/1-Ms Beards site/twain resources.html
109.05.29 10:52 B C:\Documents and Settings\staff\My Documents\1-Ms Beards site\twain\standards.html --> fayette.k12.in.us /public_html/backup09/1-Ms Beards site/twain standards.html
109.05.29 10:52 B C:\Documents and Settings\staff\My Documents\1-Ms Beards site\twain\task.html --> fayette.k12.in.us /public_html/backup09/1-Ms Beards site/twain task.html
109.05.29 10:52 B C:\Documents and Settings\staff\My Documents\1-Ms Beards site\twain\teachers.html --> fayette.k12.in.us /public_html/backup09/1-Ms Beards site/twain teachers.html
109.05.29 10:52 B C:\Documents and Settings\staff\My Documents\1-Ms Beards site\twain\tl_curve_white.gif --> fayette.k12.in.us /public_html/backup09/1-Ms Beards site/twain tl_curve_white.gif
109.05.29 10:52 B C:\Documents and Settings\staff\My Documents\1-Ms Beards site\twain\tr_curve_white.gif --> fayette.k12.in.us /public_html/backup09/1-Ms Beards site/twain tr_curve_white.gif
109.05.29 10:52 B C:\Documents and Settings\staff\My Documents\1-Ms Beards site\twain\twain.jpg --> fayette.k12.in.us /public_html/backup09/1-Ms Beards site/twain twain.jpg
109.05.29 10:52 B C:\Documents and Settings\staff\My Documents\1-Ms Beards site\twain\WS_FTP.LOG --> fayette.k12.in.us /public_html/backup09/1-Ms Beards site/twain WS_FTP.LOG
