109.05.29 10:52 B C:\Documents and Settings\staff\My Documents\1-Ms Beards site\mysteries\conc.gif --> fayette.k12.in.us /public_html/backup09/1-Ms Beards site/mysteries conc.gif
109.05.29 10:52 B C:\Documents and Settings\staff\My Documents\1-Ms Beards site\mysteries\conc.html --> fayette.k12.in.us /public_html/backup09/1-Ms Beards site/mysteries conc.html
109.05.29 10:52 B C:\Documents and Settings\staff\My Documents\1-Ms Beards site\mysteries\conctext.gif --> fayette.k12.in.us /public_html/backup09/1-Ms Beards site/mysteries conctext.gif
109.05.29 10:52 B C:\Documents and Settings\staff\My Documents\1-Ms Beards site\mysteries\eval.gif --> fayette.k12.in.us /public_html/backup09/1-Ms Beards site/mysteries eval.gif
109.05.29 10:52 B C:\Documents and Settings\staff\My Documents\1-Ms Beards site\mysteries\eval.html --> fayette.k12.in.us /public_html/backup09/1-Ms Beards site/mysteries eval.html
109.05.29 10:52 B C:\Documents and Settings\staff\My Documents\1-Ms Beards site\mysteries\evaltext.gif --> fayette.k12.in.us /public_html/backup09/1-Ms Beards site/mysteries evaltext.gif
109.05.29 10:52 B C:\Documents and Settings\staff\My Documents\1-Ms Beards site\mysteries\home.gif --> fayette.k12.in.us /public_html/backup09/1-Ms Beards site/mysteries home.gif
109.05.29 10:52 B C:\Documents and Settings\staff\My Documents\1-Ms Beards site\mysteries\index.html --> fayette.k12.in.us /public_html/backup09/1-Ms Beards site/mysteries index.html
109.05.29 10:52 B C:\Documents and Settings\staff\My Documents\1-Ms Beards site\mysteries\intro.gif --> fayette.k12.in.us /public_html/backup09/1-Ms Beards site/mysteries intro.gif
109.05.29 10:52 B C:\Documents and Settings\staff\My Documents\1-Ms Beards site\mysteries\intro.html --> fayette.k12.in.us /public_html/backup09/1-Ms Beards site/mysteries intro.html
109.05.29 10:52 B C:\Documents and Settings\staff\My Documents\1-Ms Beards site\mysteries\introtext.gif --> fayette.k12.in.us /public_html/backup09/1-Ms Beards site/mysteries introtext.gif
109.05.29 10:52 B C:\Documents and Settings\staff\My Documents\1-Ms Beards site\mysteries\logo5.gif --> fayette.k12.in.us /public_html/backup09/1-Ms Beards site/mysteries logo5.gif
109.05.29 10:52 B C:\Documents and Settings\staff\My Documents\1-Ms Beards site\mysteries\morea.gif --> fayette.k12.in.us /public_html/backup09/1-Ms Beards site/mysteries morea.gif
109.05.29 10:52 B C:\Documents and Settings\staff\My Documents\1-Ms Beards site\mysteries\moreb.gif --> fayette.k12.in.us /public_html/backup09/1-Ms Beards site/mysteries moreb.gif
109.05.29 10:52 B C:\Documents and Settings\staff\My Documents\1-Ms Beards site\mysteries\process.gif --> fayette.k12.in.us /public_html/backup09/1-Ms Beards site/mysteries process.gif
109.05.29 10:52 B C:\Documents and Settings\staff\My Documents\1-Ms Beards site\mysteries\process.html --> fayette.k12.in.us /public_html/backup09/1-Ms Beards site/mysteries process.html
109.05.29 10:52 B C:\Documents and Settings\staff\My Documents\1-Ms Beards site\mysteries\processtext.gif --> fayette.k12.in.us /public_html/backup09/1-Ms Beards site/mysteries processtext.gif
109.05.29 10:52 B C:\Documents and Settings\staff\My Documents\1-Ms Beards site\mysteries\RC.gif --> fayette.k12.in.us /public_html/backup09/1-Ms Beards site/mysteries RC.gif
109.05.29 10:52 B C:\Documents and Settings\staff\My Documents\1-Ms Beards site\mysteries\resources.html --> fayette.k12.in.us /public_html/backup09/1-Ms Beards site/mysteries resources.html
109.05.29 10:52 B C:\Documents and Settings\staff\My Documents\1-Ms Beards site\mysteries\restext.gif --> fayette.k12.in.us /public_html/backup09/1-Ms Beards site/mysteries restext.gif
109.05.29 10:52 B C:\Documents and Settings\staff\My Documents\1-Ms Beards site\mysteries\rubric.pdf --> fayette.k12.in.us /public_html/backup09/1-Ms Beards site/mysteries rubric.pdf
109.05.29 10:52 B C:\Documents and Settings\staff\My Documents\1-Ms Beards site\mysteries\rubric2.htm --> fayette.k12.in.us /public_html/backup09/1-Ms Beards site/mysteries rubric2.htm
109.05.29 10:52 B C:\Documents and Settings\staff\My Documents\1-Ms Beards site\mysteries\task.gif --> fayette.k12.in.us /public_html/backup09/1-Ms Beards site/mysteries task.gif
109.05.29 10:52 B C:\Documents and Settings\staff\My Documents\1-Ms Beards site\mysteries\task.html --> fayette.k12.in.us /public_html/backup09/1-Ms Beards site/mysteries task.html
109.05.29 10:52 B C:\Documents and Settings\staff\My Documents\1-Ms Beards site\mysteries\tasktext.gif --> fayette.k12.in.us /public_html/backup09/1-Ms Beards site/mysteries tasktext.gif
109.05.29 10:52 B C:\Documents and Settings\staff\My Documents\1-Ms Beards site\mysteries\Thumbs.db --> fayette.k12.in.us /public_html/backup09/1-Ms Beards site/mysteries Thumbs.db
109.05.29 10:52 B C:\Documents and Settings\staff\My Documents\1-Ms Beards site\mysteries\topics.html --> fayette.k12.in.us /public_html/backup09/1-Ms Beards site/mysteries topics.html
109.05.29 10:52 B C:\Documents and Settings\staff\My Documents\1-Ms Beards site\mysteries\topics2.html --> fayette.k12.in.us /public_html/backup09/1-Ms Beards site/mysteries topics2.html
109.05.29 10:52 B C:\Documents and Settings\staff\My Documents\1-Ms Beards site\mysteries\WETaward1.jpg --> fayette.k12.in.us /public_html/backup09/1-Ms Beards site/mysteries WETaward1.jpg
110.01.13 07:53 B C:\Documents and Settings\staff\My Documents\1-Ms Beards site\mysteries\topics.html <-- cbeard /public_html/mysteries topics.html
110.01.13 07:53 B C:\Documents and Settings\staff\My Documents\1-Ms Beards site\mysteries\topics.html --> fayette.k12.in.us /public_html/mysteries topics.html
