109.05.29 10:52 B C:\Documents and Settings\staff\My Documents\1-Ms Beards site\dictionary\b1.jpg --> fayette.k12.in.us /public_html/backup09/1-Ms Beards site/dictionary b1.jpg
109.05.29 10:52 B C:\Documents and Settings\staff\My Documents\1-Ms Beards site\dictionary\b2.jpg --> fayette.k12.in.us /public_html/backup09/1-Ms Beards site/dictionary b2.jpg
109.05.29 10:52 B C:\Documents and Settings\staff\My Documents\1-Ms Beards site\dictionary\b3.jpg --> fayette.k12.in.us /public_html/backup09/1-Ms Beards site/dictionary b3.jpg
109.05.29 10:52 B C:\Documents and Settings\staff\My Documents\1-Ms Beards site\dictionary\b4.jpg --> fayette.k12.in.us /public_html/backup09/1-Ms Beards site/dictionary b4.jpg
109.05.29 10:52 B C:\Documents and Settings\staff\My Documents\1-Ms Beards site\dictionary\b5.jpg --> fayette.k12.in.us /public_html/backup09/1-Ms Beards site/dictionary b5.jpg
109.05.29 10:52 B C:\Documents and Settings\staff\My Documents\1-Ms Beards site\dictionary\b6.jpg --> fayette.k12.in.us /public_html/backup09/1-Ms Beards site/dictionary b6.jpg
109.05.29 10:52 B C:\Documents and Settings\staff\My Documents\1-Ms Beards site\dictionary\bw.jpg --> fayette.k12.in.us /public_html/backup09/1-Ms Beards site/dictionary bw.jpg
109.05.29 10:52 B C:\Documents and Settings\staff\My Documents\1-Ms Beards site\dictionary\Chart.doc --> fayette.k12.in.us /public_html/backup09/1-Ms Beards site/dictionary Chart.doc
109.05.29 10:52 B C:\Documents and Settings\staff\My Documents\1-Ms Beards site\dictionary\Chart.pdf --> fayette.k12.in.us /public_html/backup09/1-Ms Beards site/dictionary Chart.pdf
109.05.29 10:52 B C:\Documents and Settings\staff\My Documents\1-Ms Beards site\dictionary\concl.html --> fayette.k12.in.us /public_html/backup09/1-Ms Beards site/dictionary concl.html
109.05.29 10:52 B C:\Documents and Settings\staff\My Documents\1-Ms Beards site\dictionary\credits.html --> fayette.k12.in.us /public_html/backup09/1-Ms Beards site/dictionary credits.html
109.05.29 10:52 B C:\Documents and Settings\staff\My Documents\1-Ms Beards site\dictionary\dictionarybw.gif --> fayette.k12.in.us /public_html/backup09/1-Ms Beards site/dictionary dictionarybw.gif
109.05.29 10:52 B C:\Documents and Settings\staff\My Documents\1-Ms Beards site\dictionary\eval.html --> fayette.k12.in.us /public_html/backup09/1-Ms Beards site/dictionary eval.html
109.05.29 10:52 B C:\Documents and Settings\staff\My Documents\1-Ms Beards site\dictionary\index.html --> fayette.k12.in.us /public_html/backup09/1-Ms Beards site/dictionary index.html
109.05.29 10:52 B C:\Documents and Settings\staff\My Documents\1-Ms Beards site\dictionary\intro.html --> fayette.k12.in.us /public_html/backup09/1-Ms Beards site/dictionary intro.html
109.05.29 10:52 B C:\Documents and Settings\staff\My Documents\1-Ms Beards site\dictionary\logo5.jpg --> fayette.k12.in.us /public_html/backup09/1-Ms Beards site/dictionary logo5.jpg
109.05.29 10:52 B C:\Documents and Settings\staff\My Documents\1-Ms Beards site\dictionary\Memo chklst.doc --> fayette.k12.in.us /public_html/backup09/1-Ms Beards site/dictionary Memo chklst.doc
109.05.29 10:52 B C:\Documents and Settings\staff\My Documents\1-Ms Beards site\dictionary\memochklst.pdf --> fayette.k12.in.us /public_html/backup09/1-Ms Beards site/dictionary memochklst.pdf
109.05.29 10:52 B C:\Documents and Settings\staff\My Documents\1-Ms Beards site\dictionary\memoform.html --> fayette.k12.in.us /public_html/backup09/1-Ms Beards site/dictionary memoform.html
109.05.29 10:52 B C:\Documents and Settings\staff\My Documents\1-Ms Beards site\dictionary\Poster chklst.doc --> fayette.k12.in.us /public_html/backup09/1-Ms Beards site/dictionary Poster chklst.doc
109.05.29 10:52 B C:\Documents and Settings\staff\My Documents\1-Ms Beards site\dictionary\poster.html --> fayette.k12.in.us /public_html/backup09/1-Ms Beards site/dictionary poster.html
109.05.29 10:52 B C:\Documents and Settings\staff\My Documents\1-Ms Beards site\dictionary\posterchklst.pdf --> fayette.k12.in.us /public_html/backup09/1-Ms Beards site/dictionary posterchklst.pdf
109.05.29 10:52 B C:\Documents and Settings\staff\My Documents\1-Ms Beards site\dictionary\process.html --> fayette.k12.in.us /public_html/backup09/1-Ms Beards site/dictionary process.html
109.05.29 10:52 B C:\Documents and Settings\staff\My Documents\1-Ms Beards site\dictionary\task.html --> fayette.k12.in.us /public_html/backup09/1-Ms Beards site/dictionary task.html
109.05.29 10:52 B C:\Documents and Settings\staff\My Documents\1-Ms Beards site\dictionary\template.psd --> fayette.k12.in.us /public_html/backup09/1-Ms Beards site/dictionary template.psd
109.05.29 10:52 B C:\Documents and Settings\staff\My Documents\1-Ms Beards site\dictionary\Thumbs.db --> fayette.k12.in.us /public_html/backup09/1-Ms Beards site/dictionary Thumbs.db
