109.05.29 10:52 B C:\Documents and Settings\staff\My Documents\1-Ms Beards site\jp\graphics\brachio.gif --> fayette.k12.in.us /public_html/backup09/1-Ms Beards site/jp/graphics brachio.gif
109.05.29 10:52 B C:\Documents and Settings\staff\My Documents\1-Ms Beards site\jp\graphics\brachio.jpg --> fayette.k12.in.us /public_html/backup09/1-Ms Beards site/jp/graphics brachio.jpg
109.05.29 10:52 B C:\Documents and Settings\staff\My Documents\1-Ms Beards site\jp\graphics\concl.gif --> fayette.k12.in.us /public_html/backup09/1-Ms Beards site/jp/graphics concl.gif
109.05.29 10:52 B C:\Documents and Settings\staff\My Documents\1-Ms Beards site\jp\graphics\construc.gif --> fayette.k12.in.us /public_html/backup09/1-Ms Beards site/jp/graphics construc.gif
109.05.29 10:52 B C:\Documents and Settings\staff\My Documents\1-Ms Beards site\jp\graphics\dino.gif --> fayette.k12.in.us /public_html/backup09/1-Ms Beards site/jp/graphics dino.gif
109.05.29 10:52 B C:\Documents and Settings\staff\My Documents\1-Ms Beards site\jp\graphics\grayback.gif --> fayette.k12.in.us /public_html/backup09/1-Ms Beards site/jp/graphics grayback.gif
109.05.29 10:52 B C:\Documents and Settings\staff\My Documents\1-Ms Beards site\jp\graphics\intro.gif --> fayette.k12.in.us /public_html/backup09/1-Ms Beards site/jp/graphics intro.gif
109.05.29 10:52 B C:\Documents and Settings\staff\My Documents\1-Ms Beards site\jp\graphics\JPslug.gif --> fayette.k12.in.us /public_html/backup09/1-Ms Beards site/jp/graphics JPslug.gif
109.05.29 10:52 B C:\Documents and Settings\staff\My Documents\1-Ms Beards site\jp\graphics\jurassic.gif --> fayette.k12.in.us /public_html/backup09/1-Ms Beards site/jp/graphics jurassic.gif
109.05.29 10:52 B C:\Documents and Settings\staff\My Documents\1-Ms Beards site\jp\graphics\lake.jpg --> fayette.k12.in.us /public_html/backup09/1-Ms Beards site/jp/graphics lake.jpg
109.05.29 10:52 B C:\Documents and Settings\staff\My Documents\1-Ms Beards site\jp\graphics\looking.gif --> fayette.k12.in.us /public_html/backup09/1-Ms Beards site/jp/graphics looking.gif
109.05.29 10:52 B C:\Documents and Settings\staff\My Documents\1-Ms Beards site\jp\graphics\s1.gif --> fayette.k12.in.us /public_html/backup09/1-Ms Beards site/jp/graphics s1.gif
109.05.29 10:52 B C:\Documents and Settings\staff\My Documents\1-Ms Beards site\jp\graphics\s2.gif --> fayette.k12.in.us /public_html/backup09/1-Ms Beards site/jp/graphics s2.gif
109.05.29 10:52 B C:\Documents and Settings\staff\My Documents\1-Ms Beards site\jp\graphics\s3.gif --> fayette.k12.in.us /public_html/backup09/1-Ms Beards site/jp/graphics s3.gif
109.05.29 10:52 B C:\Documents and Settings\staff\My Documents\1-Ms Beards site\jp\graphics\sarus1.gif --> fayette.k12.in.us /public_html/backup09/1-Ms Beards site/jp/graphics sarus1.gif
109.05.29 10:52 B C:\Documents and Settings\staff\My Documents\1-Ms Beards site\jp\graphics\saurus1.gif --> fayette.k12.in.us /public_html/backup09/1-Ms Beards site/jp/graphics saurus1.gif
109.05.29 10:52 B C:\Documents and Settings\staff\My Documents\1-Ms Beards site\jp\graphics\saurus2.jpg --> fayette.k12.in.us /public_html/backup09/1-Ms Beards site/jp/graphics saurus2.jpg
109.05.29 10:52 B C:\Documents and Settings\staff\My Documents\1-Ms Beards site\jp\graphics\splash.gif --> fayette.k12.in.us /public_html/backup09/1-Ms Beards site/jp/graphics splash.gif
109.05.29 10:52 B C:\Documents and Settings\staff\My Documents\1-Ms Beards site\jp\graphics\t1.gif --> fayette.k12.in.us /public_html/backup09/1-Ms Beards site/jp/graphics t1.gif
109.05.29 10:52 B C:\Documents and Settings\staff\My Documents\1-Ms Beards site\jp\graphics\t2.gif --> fayette.k12.in.us /public_html/backup09/1-Ms Beards site/jp/graphics t2.gif
109.05.29 10:52 B C:\Documents and Settings\staff\My Documents\1-Ms Beards site\jp\graphics\t3.gif --> fayette.k12.in.us /public_html/backup09/1-Ms Beards site/jp/graphics t3.gif
109.05.29 10:52 B C:\Documents and Settings\staff\My Documents\1-Ms Beards site\jp\graphics\Thumbs.db --> fayette.k12.in.us /public_html/backup09/1-Ms Beards site/jp/graphics Thumbs.db
109.05.29 10:52 B C:\Documents and Settings\staff\My Documents\1-Ms Beards site\jp\graphics\tnotes.gif --> fayette.k12.in.us /public_html/backup09/1-Ms Beards site/jp/graphics tnotes.gif
109.05.29 10:52 B C:\Documents and Settings\staff\My Documents\1-Ms Beards site\jp\graphics\tric.jpg --> fayette.k12.in.us /public_html/backup09/1-Ms Beards site/jp/graphics tric.jpg
109.05.29 10:52 B C:\Documents and Settings\staff\My Documents\1-Ms Beards site\jp\graphics\walking.jpg --> fayette.k12.in.us /public_html/backup09/1-Ms Beards site/jp/graphics walking.jpg
